<?xml version="1.0" encoding="utf-8"?><testsuites name="pytest tests"><testsuite name="pytest" errors="0" failures="0" skipped="0" tests="12" time="6.643" timestamp="2026-08-16T22:59:36.833451+00:00" hostname="agent-env-75906cec-22eb-4d9c-bf4b-f87b2d19e40f"><testcase classname="tests.test_auth_security.TestForgotReset" name="test_forgot_neutral_response_unknown_email" time="0.160" /><testcase classname="tests.test_auth_security.TestPasswordValidation" name="test_short_password_rejected" time="0.159" /><testcase classname="tests.test_auth_security.TestPasswordValidation" name="test_letters_only_rejected" time="0.324" /><testcase classname="tests.test_auth_security.TestForgotReset" name="test_forgot_password_real_email_and_reset_flow" time="2.965" /><testcase classname="tests.test_auth_security.TestPasswordValidation" name="test_valid_password_accepted" time="0.493" /><testcase classname="tests.test_auth_security.TestPasswordValidation" name="test_change_password_weak_rejected" time="0.784" /><testcase classname="tests.test_auth_security.TestRateLimit" name="test_brute_force_lockout" time="2.910" /><testcase classname="tests.test_auth_security.TestForgotReset" name="test_forgot_admin_email_triggers_brevo" time="0.984" /><testcase classname="tests.test_auth_security.TestLogoutRevocation" name="test_logout_revokes_bearer_token" time="1.029" /><testcase classname="tests.test_auth_security.TestCookies" name="test_login_sets_httponly_cookie" time="0.387" /><testcase classname="tests.test_auth_security.TestRegression" name="test_full_flow" time="1.178" /><testcase classname="tests.test_auth_security.TestLogoutRevocation" name="test_revoked_token_rejected_on_protected_endpoints" time="1.052" /></testsuite></testsuites>