<?xml version="1.0" encoding="utf-8"?><testsuites name="pytest tests"><testsuite name="pytest" errors="0" failures="0" skipped="0" tests="13" time="4.406" timestamp="2026-08-16T00:18:42.074833+00:00" hostname="agent-env-75906cec-22eb-4d9c-bf4b-f87b2d19e40f"><testcase classname="tests.test_new_features.TestSettingsHolidays" name="test_get_settings_has_holidays_key" time="0.670" /><testcase classname="tests.test_new_features.TestSettingsHolidays" name="test_put_settings_persists_holidays" time="0.185" /><testcase classname="tests.test_new_features.TestCalcSchedule" name="test_skip_sundays_no_sunday_in_schedule" time="0.854" /><testcase classname="tests.test_new_features.TestCalcSchedule" name="test_holidays_bump_dates" time="0.370" /><testcase classname="tests.test_new_features.TestProfileUpdate" name="test_update_profile_name_only" time="0.229" /><testcase classname="tests.test_new_features.TestProfileUpdate" name="test_profile_duplicate_email_rejected" time="0.641" /><testcase classname="tests.test_new_features.TestChangePassword" name="test_wrong_current_password" time="0.457" /><testcase classname="tests.test_new_features.TestChangePassword" name="test_change_password_and_restore" time="1.698" /><testcase classname="tests.test_new_features.TestBackup" name="test_backup_returns_json_and_attachment" time="0.454" /><testcase classname="tests.test_new_features.TestBackup" name="test_admin_export_all_removed" time="0.044" /><testcase classname="tests.test_new_features.TestRenewSkipSundays" name="test_renew_stores_skip_sundays" time="0.885" /><testcase classname="tests.test_new_features.TestLoanCreateSkipSundays" name="test_create_and_delete_loan_skip_sundays" time="0.251" /><testcase classname="tests.test_new_features.TestHolidayBumpsExistingInstallments" name="test_new_holiday_bumps_pending_installments" time="0.376" /></testsuite></testsuites>