<?xml version="1.0" encoding="utf-8"?><testsuites name="pytest tests"><testsuite name="pytest" errors="0" failures="0" skipped="0" tests="14" time="2.259" timestamp="2026-08-14T13:00:45.262933+00:00" hostname="agent-env-75906cec-22eb-4d9c-bf4b-f87b2d19e40f"><testcase classname="tests.backend_test.TestOtherEndpoints" name="test_cash_today" time="0.909" /><testcase classname="tests.backend_test.TestAuth" name="test_login_ok" time="0.899" /><testcase classname="tests.backend_test.TestAuth" name="test_login_bad" time="0.458" /><testcase classname="tests.backend_test.TestOtherEndpoints" name="test_reports" time="0.076" /><testcase classname="tests.backend_test.TestOtherEndpoints" name="test_expenses_list" time="0.075" /><testcase classname="tests.backend_test.TestOtherEndpoints" name="test_withdrawals_list" time="0.256" /><testcase classname="tests.backend_test.TestOtherEndpoints" name="test_unauth_blocked" time="0.237" /><testcase classname="tests.backend_test.TestAuth" name="test_me" time="0.178" /><testcase classname="tests.backend_test.TestLoans" name="test_list_loans_has_client_object" time="0.105" /><testcase classname="tests.backend_test.TestClients" name="test_list_clients" time="0.083" /><testcase classname="tests.backend_test.TestDashboard" name="test_dashboard_returns_all_kpis_and_trend" time="0.084" /><testcase classname="tests.backend_test.TestLoans" name="test_get_loan_detail" time="0.161" /><testcase classname="tests.backend_test.TestOverdue" name="test_overdue_shape" time="0.078" /><testcase classname="tests.backend_test.TestLoans" name="test_get_loan_404" time="0.088" /></testsuite></testsuites>